<?xml version="1.0" encoding="UTF-8"?>
<!-- Generated by org.testng.reporters.JUnitReportReporter -->
<testsuite hostname="W7MANOJM" name="testNG.TestngIntro1" tests="2" failures="0" timestamp="17 May 2016 08:54:38 GMT" time="0.025" errors="0">
  <testcase name="checkmail" time="0.012" classname="testNG.TestngIntro1"/>
  <testcase name="sendEmail" time="0.013" classname="testNG.TestngIntro1"/>
</testsuite> <!-- testNG.TestngIntro1 -->
