<?xml version="1.0" encoding="UTF-8"?>
<!-- Generated by org.testng.reporters.JUnitReportReporter -->
<testsuite hostname="W7MANOJM" name="testNG.TestngIntro1" tests="2" failures="0" timestamp="20 May 2016 06:36:14 GMT" time="0.078" errors="0">
  <testcase name="sendEmail" time="0.046" classname="testNG.TestngIntro1"/>
  <testcase name="checkmail" time="0.032" classname="testNG.TestngIntro1"/>
</testsuite> <!-- testNG.TestngIntro1 -->
