<?xml version="1.0" encoding="UTF-8"?>
<!-- Generated by org.testng.reporters.JUnitReportReporter -->
<testsuite hostname="W7MANOJM" name="EMS_beginner.DataProviderExample" tests="5" failures="0" timestamp="15 Mar 2016 12:05:30 GMT" time="0.181" errors="0">
  <testcase name="setData" time="0.003" classname="EMS_beginner.DataProviderExample"/>
  <testcase name="setData" time="0.017" classname="EMS_beginner.DataProviderExample"/>
  <testcase name="setData" time="0.109" classname="EMS_beginner.DataProviderExample"/>
  <testcase name="setData" time="0.003" classname="EMS_beginner.DataProviderExample"/>
  <testcase name="setData" time="0.049" classname="EMS_beginner.DataProviderExample"/>
</testsuite> <!-- EMS_beginner.DataProviderExample -->
