<?xml version="1.0" encoding="UTF-8"?>
<!-- Generated by org.testng.reporters.JUnitReportReporter -->
<testsuite hostname="W7MANOJM" name="EMS_beginner.testng" tests="1" failures="0" timestamp="23 Feb 2016 05:18:16 GMT" time="0.412" errors="0">
  <testcase name="testCase1" time="0.412" classname="EMS_beginner.testng"/>
</testsuite> <!-- EMS_beginner.testng -->
