<?xml version="1.0" encoding="UTF-8"?>
<!-- Generated by org.testng.reporters.JUnitReportReporter -->
<testsuite hostname="W7MANOJM" name="testNG.TestngIntro1" tests="2" failures="0" timestamp="17 May 2016 11:11:09 GMT" time="0.031" errors="0">
  <testcase name="checkmail" time="0.031" classname="testNG.TestngIntro1"/>
  <testcase name="sendEmail" time="0.000" classname="testNG.TestngIntro1"/>
</testsuite> <!-- testNG.TestngIntro1 -->
