<?xml version="1.0" encoding="UTF-8"?>
<!-- Generated by org.testng.reporters.JUnitReportReporter -->
<testsuite hostname="W7MANOJM" name="testNG.TestngIntro1" tests="2" failures="0" timestamp="20 May 2016 12:21:14 GMT" time="0.126" errors="0">
  <testcase name="checkmail" time="0.124" classname="testNG.TestngIntro1"/>
  <testcase name="sendEmail" time="0.002" classname="testNG.TestngIntro1"/>
</testsuite> <!-- testNG.TestngIntro1 -->
